<?xml version="1.0" encoding="UTF-8"?>
<testng-results ignored="0" total="1" passed="1" failed="0" skipped="0">
  <reporter-output>
  </reporter-output>
  <suite started-at="2023-06-19T12:11:51 IST" name="Default suite" finished-at="2023-06-19T12:11:58 IST" duration-ms="6779">
    <groups>
    </groups>
    <test started-at="2023-06-19T12:11:51 IST" name="Default test" finished-at="2023-06-19T12:11:58 IST" duration-ms="6779">
      <class name="github_Test.SampleTest">
        <test-method is-config="true" signature="openBrowser()[pri:0, instance:github_Test.SampleTest@35aea049]" started-at="2023-06-19T12:11:51 IST" name="openBrowser" finished-at="2023-06-19T12:11:53 IST" duration-ms="1492" status="PASS">
          <reporter-output>
          </reporter-output>
        </test-method> <!-- openBrowser -->
        <test-method signature="sampleTest()[pri:0, instance:github_Test.SampleTest@35aea049]" started-at="2023-06-19T12:11:53 IST" name="sampleTest" finished-at="2023-06-19T12:11:53 IST" duration-ms="8" status="PASS">
          <reporter-output>
          </reporter-output>
        </test-method> <!-- sampleTest -->
        <test-method is-config="true" signature="closeBrowser()[pri:0, instance:github_Test.SampleTest@35aea049]" started-at="2023-06-19T12:11:53 IST" name="closeBrowser" finished-at="2023-06-19T12:11:58 IST" duration-ms="5231" status="PASS">
          <reporter-output>
          </reporter-output>
        </test-method> <!-- closeBrowser -->
      </class> <!-- github_Test.SampleTest -->
    </test> <!-- Default test -->
  </suite> <!-- Default suite -->
</testng-results>
